
SQL*Loader: Release 12.1.0.1.0 - Production on Fri Dec 18 02:29:59 2020

Copyright (c) 1982, 2013, Oracle and/or its affiliates.  All rights reserved.

Control File:   control.ctl
Data File:      C:\lab18\data.txt
  Bad File:     data.bad
  Discard File: C:\lab18\data.dis 
 (Allow all discards)

Number to load: ALL
Number to skip: 0
Errors allowed: 50
Bind array:     64 rows, maximum of 256000 bytes
Continuation:    none specified
Path used:      Conventional

Table LAB18, loaded from every logical record.
Insert option in effect for this table: INSERT

   Column Name                  Position   Len  Term Encl Datatype
------------------------------ ---------- ----- ---- ---- ---------------------
INTVALUE                            FIRST     *   ,       CHARACTER            
    SQL string for column : "round(:INTVALUE, 2)"
CHARVALUE                            NEXT     *   ,       CHARACTER            
    SQL string for column : "upper(:CHARVALUE)"
DATEVALUE                            NEXT     *   ,       DATE YYYY-MM-DD      


Table LAB18:
  19 Rows successfully loaded.
  0 Rows not loaded due to data errors.
  0 Rows not loaded because all WHEN clauses were failed.
  0 Rows not loaded because all fields were null.


Space allocated for bind array:                  49536 bytes(64 rows)
Read   buffer bytes: 1048576

Total logical records skipped:          0
Total logical records read:            19
Total logical records rejected:         0
Total logical records discarded:        0

Run began on Fri Dec 18 02:29:59 2020
Run ended on Fri Dec 18 02:29:59 2020

Elapsed time was:     00:00:00.23
CPU time was:         00:00:00.03
