Сборка начата Чт 20.02.20 13:27:36.
     1>Проект "D:\2 курс\4 семестр\МатПрога\Lab1\Lab1-1\Lab1-1\Lab1-1.vcxproj" в узле 2 (целевые объекты Build).
     1>InitializeBuildStatus:
         Создание "Debug\Lab1-1.tlog\unsuccessfulbuild", так как было задано "AlwaysCreate".
       ClCompile:
         C:\Program Files (x86)\Microsoft Visual Studio\2017\Enterprise\VC\Tools\MSVC\14.16.27023\bin\HostX86\x86\CL.exe /c /ZI /JMC /nologo /W3 /WX- /diagnostics:classic /sdl /Od /Oy- /D WIN32 /D _DEBUG /D _CONSOLE /D _UNICODE /D UNICODE /Gm- /EHsc /RTC1 /MDd /GS /fp:precise /permissive- /Zc:wchar_t /Zc:forScope /Zc:inline /Yc"pch.h" /Fp"Debug\Lab1-1.pch" /Fo"Debug\\" /Fd"Debug\vc141.pdb" /Gd /TP /analyze- /FC /errorReport:prompt pch.cpp
         pch.cpp
         C:\Program Files (x86)\Microsoft Visual Studio\2017\Enterprise\VC\Tools\MSVC\14.16.27023\bin\HostX86\x86\CL.exe /c /ZI /JMC /nologo /W3 /WX- /diagnostics:classic /sdl /Od /Oy- /D WIN32 /D _DEBUG /D _CONSOLE /D _UNICODE /D UNICODE /Gm- /EHsc /RTC1 /MDd /GS /fp:precise /permissive- /Zc:wchar_t /Zc:forScope /Zc:inline /Yu"pch.h" /Fp"Debug\Lab1-1.pch" /Fo"Debug\\" /Fd"Debug\vc141.pdb" /Gd /TP /analyze- /FC /errorReport:prompt Auxil.cpp "Lab1-1.cpp"
         Auxil.cpp
         Lab1-1.cpp
         Создание кода...
       Link:
         C:\Program Files (x86)\Microsoft Visual Studio\2017\Enterprise\VC\Tools\MSVC\14.16.27023\bin\HostX86\x86\link.exe /ERRORREPORT:PROMPT /OUT:"D:\2 курс\4 семестр\МатПрога\Lab1\Lab1-1\Debug\Lab1-1.exe" /INCREMENTAL /NOLOGO kernel32.lib user32.lib gdi32.lib winspool.lib comdlg32.lib advapi32.lib shell32.lib ole32.lib oleaut32.lib uuid.lib odbc32.lib odbccp32.lib /MANIFEST /MANIFESTUAC:"level='asInvoker' uiAccess='false'" /manifest:embed /DEBUG:FASTLINK /PDB:"D:\2 курс\4 семестр\МатПрога\Lab1\Lab1-1\Debug\Lab1-1.pdb" /SUBSYSTEM:CONSOLE /TLBID:1 /DYNAMICBASE /NXCOMPAT /IMPLIB:"D:\2 курс\4 семестр\МатПрога\Lab1\Lab1-1\Debug\Lab1-1.lib" /MACHINE:X86 Debug\Auxil.obj
         "Debug\Lab1-1.obj"
         Debug\pch.obj
         Lab1-1.vcxproj -> D:\2 курс\4 семестр\МатПрога\Lab1\Lab1-1\Debug\Lab1-1.exe
       FinalizeBuildStatus:
         Файл "Debug\Lab1-1.tlog\unsuccessfulbuild" удаляется.
         Обращение к "Debug\Lab1-1.tlog\Lab1-1.lastbuildstate".
     1>Сборка проекта "D:\2 курс\4 семестр\МатПрога\Lab1\Lab1-1\Lab1-1\Lab1-1.vcxproj" завершена (целевые объекты Build).

Сборка успешно завершена.
    Предупреждений: 0
    Ошибок: 0

Прошло времени 00:00:21.58
